TN:
SF:src/components/AuthLayout.tsx
FN:9,AuthLayout
FN:11,(anonymous_1)
FN:13,(anonymous_2)
FNF:3
FNH:3
FNDA:2,AuthLayout
FNDA:6,(anonymous_1)
FNDA:2,(anonymous_2)
DA:10,2
DA:11,6
DA:13,2
DA:14,2
DA:15,1
DA:19,2
LF:6
LH:6
BRDA:14,0,0,1
BRDA:14,0,1,1
BRF:2
BRH:2
end_of_record
TN:
SF:src/components/DashboardLayout.tsx
FN:22,DashboardLayout
FN:28,(anonymous_1)
FN:29,(anonymous_2)
FN:30,(anonymous_3)
FN:32,(anonymous_4)
FN:39,(anonymous_5)
FN:52,(anonymous_6)
FN:62,(anonymous_7)
FN:63,(anonymous_8)
FN:85,(anonymous_9)
FN:112,(anonymous_10)
FN:122,(anonymous_11)
FN:132,(anonymous_12)
FN:203,(anonymous_13)
FNF:14
FNH:10
FNDA:9,DashboardLayout
FNDA:27,(anonymous_1)
FNDA:27,(anonymous_2)
FNDA:27,(anonymous_3)
FNDA:9,(anonymous_4)
FNDA:9,(anonymous_5)
FNDA:49,(anonymous_6)
FNDA:7,(anonymous_7)
FNDA:7,(anonymous_8)
FNDA:0,(anonymous_9)
FNDA:0,(anonymous_10)
FNDA:0,(anonymous_11)
FNDA:42,(anonymous_12)
FNDA:0,(anonymous_13)
DA:23,9
DA:24,9
DA:25,9
DA:26,9
DA:27,9
DA:28,27
DA:29,27
DA:30,27
DA:32,9
DA:33,9
DA:34,2
DA:39,9
DA:40,9
DA:43,9
DA:52,9
DA:53,49
DA:54,14
DA:56,35
DA:57,7
DA:59,28
DA:62,9
DA:63,7
DA:64,7
DA:65,0
DA:66,0
DA:67,0
DA:68,0
DA:69,0
DA:72,9
DA:73,2
DA:77,7
DA:79,9
DA:85,0
DA:112,0
DA:122,0
DA:133,42
DA:134,42
DA:136,42
DA:203,0
LF:39
LH:30
BRDA:33,0,0,2
BRDA:33,0,1,7
BRDA:53,1,0,14
BRDA:53,1,1,35
BRDA:54,2,0,14
BRDA:54,2,1,0
BRDA:56,3,0,7
BRDA:56,3,1,28
BRDA:64,4,0,7
BRDA:64,4,1,0
BRDA:65,5,0,0
BRDA:65,5,1,0
BRDA:66,6,0,0
BRDA:66,6,1,0
BRDA:67,7,0,0
BRDA:67,7,1,0
BRDA:68,8,0,0
BRDA:68,8,1,0
BRDA:72,9,0,2
BRDA:72,9,1,7
BRDA:77,10,0,0
BRDA:77,10,1,7
BRDA:77,11,0,0
BRDA:77,11,1,7
BRDA:77,12,0,0
BRDA:77,12,1,0
BRDA:82,13,0,9
BRDA:82,13,1,0
BRDA:82,13,2,0
BRDA:95,14,0,0
BRDA:95,14,1,7
BRDA:96,15,0,0
BRDA:96,15,1,7
BRDA:96,16,0,9
BRDA:96,16,1,0
BRDA:101,17,0,0
BRDA:101,17,1,7
BRDA:101,18,0,9
BRDA:101,18,1,0
BRDA:105,19,0,9
BRDA:105,19,1,0
BRDA:105,19,2,0
BRDA:110,20,0,9
BRDA:110,20,1,0
BRDA:115,21,0,0
BRDA:115,21,1,0
BRDA:120,22,0,9
BRDA:120,22,1,0
BRDA:141,23,0,7
BRDA:141,23,1,35
BRDA:145,24,0,0
BRDA:145,24,1,42
BRDA:145,25,0,42
BRDA:145,25,1,0
BRDA:148,26,0,42
BRDA:148,26,1,42
BRDA:148,27,0,42
BRDA:148,27,1,0
BRDA:151,28,0,42
BRDA:151,28,1,7
BRDA:164,29,0,0
BRDA:164,29,1,7
BRDA:164,30,0,9
BRDA:164,30,1,0
BRDA:166,31,0,0
BRDA:166,31,1,7
BRDA:166,32,0,9
BRDA:166,32,1,0
BRDA:169,33,0,9
BRDA:169,33,1,7
BRDA:169,34,0,9
BRDA:169,34,1,0
BRDA:178,35,0,0
BRDA:178,35,1,7
BRDA:178,36,0,9
BRDA:178,36,1,0
BRDA:180,37,0,0
BRDA:180,37,1,7
BRDA:180,38,0,9
BRDA:180,38,1,0
BRDA:185,39,0,9
BRDA:185,39,1,7
BRDA:185,40,0,9
BRDA:185,40,1,0
BRDA:187,41,0,7
BRDA:187,41,1,0
BRDA:201,42,0,9
BRDA:201,42,1,0
BRDA:228,43,0,9
BRDA:228,43,1,6
BRF:90
BRH:48
end_of_record
TN:
SF:src/components/RootLayout.tsx
FN:3,RootLayout
FNF:1
FNH:1
FNDA:1,RootLayout
DA:4,1
LF:1
LH:1
BRF:0
BRH:0
end_of_record
TN:
SF:src/components/figma/ImageWithFallback.tsx
FN:6,ImageWithFallback
FN:9,(anonymous_1)
FNF:2
FNH:2
FNDA:7,ImageWithFallback
FNDA:2,(anonymous_1)
DA:4,1
DA:7,7
DA:9,7
DA:10,2
DA:13,7
DA:15,7
LF:6
LH:6
BRDA:15,0,0,2
BRDA:15,0,1,5
BRDA:17,1,0,2
BRDA:17,1,1,1
BRF:4
BRH:4
end_of_record
TN:
SF:src/components/screens/ASLHelpScreen.tsx
FN:4,ASLHelpScreen
FN:56,(anonymous_1)
FN:63,(anonymous_2)
FNF:3
FNH:3
FNDA:6,ASLHelpScreen
FNDA:18,(anonymous_1)
FNDA:48,(anonymous_2)
DA:5,6
DA:7,6
DA:39,6
DA:57,18
DA:64,48
LF:5
LH:5
BRDA:62,0,0,0
BRDA:62,0,1,18
BRF:2
BRH:1
end_of_record
TN:
SF:src/components/screens/AccessibilitySettings.tsx
FN:5,AccessibilitySettings
FN:17,(anonymous_1)
FN:69,(anonymous_2)
FN:81,(anonymous_3)
FN:94,(anonymous_4)
FNF:5
FNH:5
FNDA:7,AccessibilitySettings
FNDA:1,(anonymous_1)
FNDA:21,(anonymous_2)
FNDA:42,(anonymous_3)
FNDA:1,(anonymous_4)
DA:6,7
DA:8,7
DA:17,7
DA:18,1
DA:21,7
DA:54,7
DA:70,21
DA:71,21
DA:82,42
DA:94,1
LF:10
LH:10
BRDA:96,0,0,29
BRDA:96,0,1,13
BRDA:101,1,0,29
BRDA:101,1,1,13
BRF:4
BRH:4
end_of_record
TN:
SF:src/components/screens/AppointmentDetail.tsx
FN:5,AppointmentDetail
FN:42,(anonymous_1)
FN:149,(anonymous_2)
FNF:3
FNH:3
FNDA:9,AppointmentDetail
FNDA:1,(anonymous_1)
FNDA:36,(anonymous_2)
DA:6,9
DA:7,9
DA:8,9
DA:11,9
DA:36,9
DA:42,1
DA:150,36
LF:7
LH:7
BRDA:159,0,0,9
BRDA:159,0,1,9
BRF:2
BRH:2
end_of_record
TN:
SF:src/components/screens/AppointmentList.tsx
FN:5,AppointmentList
FN:77,(anonymous_1)
FNF:2
FNH:2
FNDA:7,AppointmentList
FNDA:28,(anonymous_1)
DA:6,7
DA:8,7
DA:59,7
DA:78,28
LF:4
LH:4
BRDA:101,0,0,0
BRDA:101,0,1,28
BRDA:113,1,0,7
BRDA:113,1,1,21
BRF:4
BRH:3
end_of_record
TN:
SF:src/components/screens/LoginScreen.tsx
FN:6,LoginScreen
FN:8,(anonymous_1)
FN:15,(anonymous_2)
FN:49,(anonymous_3)
FN:65,(anonymous_4)
FN:72,(anonymous_5)
FNF:6
FNH:6
FNDA:64,LoginScreen
FNDA:190,(anonymous_1)
FNDA:1,(anonymous_2)
FNDA:32,(anonymous_3)
FNDA:21,(anonymous_4)
FNDA:2,(anonymous_5)
DA:7,64
DA:8,190
DA:10,64
DA:11,64
DA:12,64
DA:13,64
DA:15,64
DA:16,1
DA:17,1
DA:19,1
DA:20,1
DA:21,1
DA:23,0
DA:25,1
DA:29,64
DA:49,32
DA:65,21
DA:72,2
LF:18
LH:17
BRDA:63,0,0,1
BRDA:63,0,1,62
BRDA:74,1,0,1
BRDA:74,1,1,62
BRDA:76,2,0,1
BRDA:76,2,1,62
BRDA:96,3,0,1
BRDA:96,3,1,62
BRF:8
BRH:8
end_of_record
TN:
SF:src/components/screens/MedicationList.tsx
FN:5,MedicationList
FN:56,(anonymous_1)
FN:57,(anonymous_2)
FN:62,(anonymous_3)
FN:98,(anonymous_4)
FN:123,(anonymous_5)
FNF:6
FNH:6
FNDA:7,MedicationList
FNDA:1,(anonymous_1)
FNDA:5,(anonymous_2)
FNDA:35,(anonymous_3)
FNDA:35,(anonymous_4)
FNDA:1,(anonymous_5)
DA:6,7
DA:8,7
DA:56,7
DA:57,1
DA:58,5
DA:62,35
DA:63,7
DA:65,7
DA:99,35
DA:123,1
LF:10
LH:10
BRDA:58,0,0,1
BRDA:58,0,1,4
BRDA:68,1,0,0
BRDA:68,1,1,7
BRDA:102,2,0,29
BRDA:102,2,1,6
BRDA:115,3,0,29
BRDA:115,3,1,6
BRDA:126,4,0,29
BRDA:126,4,1,6
BRF:10
BRH:9
end_of_record
TN:
SF:src/components/screens/MissedTaskAlert.tsx
FN:6,MissedTaskAlert
FN:9,(anonymous_1)
FN:26,(anonymous_2)
FN:48,(anonymous_3)
FN:85,(anonymous_4)
FNF:5
FNH:5
FNDA:6,MissedTaskAlert
FNDA:19,(anonymous_1)
FNDA:1,(anonymous_2)
FNDA:12,(anonymous_3)
FNDA:1,(anonymous_4)
DA:7,6
DA:8,6
DA:9,19
DA:11,6
DA:26,6
DA:27,1
DA:28,1
DA:31,6
DA:49,12
DA:85,1
LF:10
LH:10
BRDA:73,0,0,0
BRDA:73,0,1,6
BRDA:77,1,0,0
BRDA:77,1,1,6
BRDA:87,2,0,0
BRDA:87,2,1,6
BRF:6
BRH:3
end_of_record
TN:
SF:src/components/screens/ProfileScreen.tsx
FN:10,ProfileScreen
FN:12,(anonymous_1)
FN:13,(anonymous_2)
FN:15,(anonymous_3)
FN:93,(anonymous_4)
FN:115,(anonymous_5)
FNF:6
FNH:6
FNDA:9,ProfileScreen
FNDA:28,(anonymous_1)
FNDA:28,(anonymous_2)
FNDA:1,(anonymous_3)
FNDA:27,(anonymous_4)
FNDA:18,(anonymous_5)
DA:11,9
DA:12,28
DA:13,28
DA:15,9
DA:16,1
DA:17,1
DA:20,9
DA:36,9
DA:94,27
DA:116,18
LF:10
LH:10
BRDA:21,0,0,9
BRDA:21,0,1,1
BRDA:22,1,0,9
BRDA:22,1,1,1
BRF:4
BRH:4
end_of_record
TN:
SF:src/components/screens/RegisterScreen.tsx
FN:6,RegisterScreen
FN:8,(anonymous_1)
FN:19,(anonymous_2)
FN:26,(anonymous_3)
FN:107,(anonymous_4)
FNF:5
FNH:5
FNDA:146,RegisterScreen
FNDA:436,(anonymous_1)
FNDA:136,(anonymous_2)
FNDA:2,(anonymous_3)
FNDA:1,(anonymous_4)
DA:7,146
DA:8,436
DA:10,146
DA:16,146
DA:17,146
DA:19,146
DA:20,136
DA:26,146
DA:27,2
DA:29,2
DA:30,1
DA:31,1
DA:34,1
DA:36,1
DA:37,1
DA:38,1
DA:40,0
DA:42,1
DA:46,146
DA:107,1
LF:20
LH:19
BRDA:29,0,0,1
BRDA:29,0,1,1
BRDA:98,1,0,1
BRDA:98,1,1,144
BRDA:109,2,0,1
BRDA:109,2,1,144
BRDA:111,3,0,1
BRDA:111,3,1,144
BRDA:144,4,0,1
BRDA:144,4,1,144
BRF:10
BRH:10
end_of_record
TN:
SF:src/components/screens/SOSConfirmation.tsx
FN:6,SOSConfirmation
FN:35,(anonymous_1)
FN:37,(anonymous_2)
FN:61,(anonymous_3)
FN:64,(anonymous_4)
FN:151,(anonymous_5)
FNF:6
FNH:6
FNDA:10,SOSConfirmation
FNDA:1,(anonymous_1)
FNDA:1,(anonymous_2)
FNDA:30,(anonymous_3)
FNDA:1,(anonymous_4)
FNDA:1,(anonymous_5)
DA:7,10
DA:8,10
DA:9,10
DA:11,10
DA:35,10
DA:36,1
DA:37,1
DA:38,1
DA:39,1
DA:43,10
DA:62,30
DA:64,1
DA:151,1
LF:13
LH:13
BRDA:67,0,0,10
BRDA:67,0,1,20
BRDA:69,1,0,10
BRDA:69,1,1,10
BRDA:77,2,0,10
BRDA:77,2,1,20
BRDA:79,3,0,10
BRDA:79,3,1,10
BRDA:84,4,0,10
BRDA:84,4,1,20
BRDA:85,5,0,10
BRDA:85,5,1,0
BRDA:87,6,0,10
BRDA:87,6,1,10
BRDA:93,7,0,10
BRDA:93,7,1,20
BRDA:100,8,0,10
BRDA:100,8,1,20
BRDA:108,9,0,10
BRDA:108,9,1,20
BRF:20
BRH:19
end_of_record
TN:
SF:src/components/screens/StepByStepTask.tsx
FN:6,StepByStepTask
FN:45,(anonymous_1)
FN:57,(anonymous_2)
FN:73,(anonymous_3)
FN:131,(anonymous_4)
FN:182,(anonymous_5)
FNF:6
FNH:4
FNDA:21,StepByStepTask
FNDA:13,(anonymous_1)
FNDA:1,(anonymous_2)
FNDA:0,(anonymous_3)
FNDA:126,(anonymous_4)
FNDA:0,(anonymous_5)
DA:7,21
DA:8,21
DA:9,21
DA:10,21
DA:12,21
DA:45,21
DA:46,13
DA:47,13
DA:49,13
DA:50,12
DA:53,1
DA:57,21
DA:58,1
DA:59,1
DA:63,21
DA:64,21
DA:65,21
DA:67,21
DA:73,0
DA:132,126
DA:182,0
LF:21
LH:19
BRDA:46,0,0,13
BRDA:46,0,1,0
BRDA:49,1,0,12
BRDA:49,1,1,1
BRDA:58,2,0,1
BRDA:58,2,1,0
BRDA:70,3,0,21
BRDA:70,3,1,0
BRDA:129,4,0,0
BRDA:129,4,1,21
BRDA:135,5,0,39
BRDA:135,5,1,87
BRDA:137,6,0,19
BRDA:137,6,1,68
BRDA:144,7,0,0
BRDA:144,7,1,126
BRDA:146,8,0,126
BRDA:146,8,1,39
BRDA:155,9,0,0
BRDA:155,9,1,21
BRDA:160,10,0,0
BRDA:160,10,1,21
BRDA:170,11,0,0
BRDA:170,11,1,21
BRDA:173,12,0,3
BRDA:173,12,1,18
BRDA:179,13,0,21
BRDA:179,13,1,21
BRF:28
BRH:20
end_of_record
TN:
SF:src/components/screens/TaskHistory.tsx
FN:4,TaskHistory
FN:37,(anonymous_1)
FN:76,(anonymous_2)
FN:89,(anonymous_3)
FNF:4
FNH:4
FNDA:5,TaskHistory
FNDA:40,(anonymous_1)
FNDA:10,(anonymous_2)
FNDA:40,(anonymous_3)
DA:5,5
DA:7,5
DA:14,5
DA:37,5
DA:38,40
DA:39,15
DA:40,15
DA:41,5
DA:42,5
DA:43,0
DA:47,5
DA:77,10
DA:90,40
LF:13
LH:12
BRDA:38,0,0,15
BRDA:38,0,1,15
BRDA:38,0,2,5
BRDA:38,0,3,5
BRDA:38,0,4,0
BRDA:50,1,0,0
BRDA:50,1,1,5
BRDA:93,2,0,35
BRDA:93,2,1,5
BRDA:96,3,0,35
BRDA:96,3,1,5
BRDA:114,4,0,35
BRDA:114,4,1,5
BRDA:117,5,0,35
BRDA:117,5,1,5
BRF:15
BRH:13
end_of_record
TN:
SF:src/components/screens/TodayDashboard.tsx
FN:6,TodayDashboard
FN:8,(anonymous_1)
FN:9,(anonymous_2)
FN:10,(anonymous_3)
FN:12,(anonymous_4)
FN:16,(anonymous_5)
FN:57,(anonymous_6)
FN:122,(anonymous_7)
FN:132,(anonymous_8)
FNF:9
FNH:9
FNDA:9,TodayDashboard
FNDA:28,(anonymous_1)
FNDA:28,(anonymous_2)
FNDA:28,(anonymous_3)
FNDA:63,(anonymous_4)
FNDA:63,(anonymous_5)
FNDA:63,(anonymous_6)
FNDA:63,(anonymous_7)
FNDA:1,(anonymous_8)
DA:7,9
DA:8,28
DA:9,28
DA:10,28
DA:12,63
DA:13,9
DA:14,9
DA:16,9
DA:17,63
DA:18,18
DA:19,27
DA:20,9
DA:21,9
DA:22,0
DA:26,9
DA:57,63
DA:123,63
DA:132,1
LF:18
LH:17
BRDA:17,0,0,18
BRDA:17,0,1,27
BRDA:17,0,2,9
BRDA:17,0,3,9
BRDA:17,0,4,0
BRDA:29,1,0,0
BRDA:29,1,1,9
BRDA:29,2,0,0
BRDA:29,2,1,9
BRDA:31,3,0,0
BRDA:31,3,1,9
BRDA:31,4,0,0
BRDA:31,4,1,9
BRDA:66,5,0,9
BRDA:66,5,1,9
BRDA:66,5,2,0
BRDA:70,6,0,0
BRDA:70,6,1,0
BRDA:106,7,0,0
BRDA:106,7,1,9
BRDA:106,8,0,0
BRDA:106,8,1,9
BRDA:108,9,0,0
BRDA:108,9,1,9
BRDA:108,10,0,0
BRDA:108,10,1,9
BRDA:111,11,0,9
BRDA:111,11,1,9
BRDA:126,12,0,9
BRDA:126,12,1,54
BRDA:135,13,0,19
BRDA:135,13,1,44
BRDA:146,14,0,19
BRDA:146,14,1,44
BRDA:162,15,0,63
BRDA:162,15,1,9
BRDA:162,15,2,8
BRDA:169,16,0,63
BRDA:169,16,1,9
BRDA:169,16,2,8
BRDA:187,17,0,9
BRDA:187,17,1,9
BRDA:187,17,2,9
BRF:43
BRH:31
end_of_record
TN:
SF:src/components/screens/WelcomeScreen.tsx
FN:4,WelcomeScreen
FNF:1
FNH:1
FNDA:4,WelcomeScreen
DA:5,4
LF:1
LH:1
BRF:0
BRH:0
end_of_record
TN:
SF:src/components/ui/use-mobile.ts
FN:5,useIsMobile
FN:10,(anonymous_1)
FN:12,(anonymous_2)
FN:17,(anonymous_3)
FNF:4
FNH:4
FNDA:9,useIsMobile
FNDA:4,(anonymous_1)
FNDA:1,(anonymous_2)
FNDA:4,(anonymous_3)
DA:3,1
DA:6,9
DA:10,9
DA:11,4
DA:12,4
DA:13,1
DA:15,4
DA:16,4
DA:17,4
DA:20,9
LF:10
LH:10
BRF:0
BRH:0
end_of_record
TN:
SF:src/components/ui/utils.ts
FN:4,cn
FNF:1
FNH:1
FNDA:231,cn
DA:5,231
LF:1
LH:1
BRF:0
BRH:0
end_of_record
TN:
SF:src/hooks/useMediaQuery.ts
FN:3,useMediaQuery
FN:6,(anonymous_1)
FN:13,(anonymous_2)
FN:16,(anonymous_3)
FN:22,useBreakpoint
FNF:5
FNH:4
FNDA:288,useMediaQuery
FNDA:231,(anonymous_1)
FNDA:0,(anonymous_2)
FNDA:231,(anonymous_3)
FNDA:96,useBreakpoint
DA:4,288
DA:6,288
DA:7,231
DA:9,231
DA:10,0
DA:13,231
DA:14,231
DA:16,231
DA:19,288
DA:23,96
DA:24,96
DA:25,96
DA:27,96
LF:13
LH:12
BRDA:9,0,0,0
BRDA:9,0,1,231
BRDA:31,1,0,0
BRDA:31,1,1,96
BRDA:31,2,0,0
BRDA:31,2,1,96
BRF:6
BRH:3
end_of_record
TN:
SF:src/store/authStore.ts
FN:17,(anonymous_0)
FN:20,(anonymous_1)
FN:22,(anonymous_2)
FN:32,(anonymous_3)
FN:34,(anonymous_4)
FN:44,(anonymous_5)
FNF:6
FNH:6
FNDA:6,(anonymous_0)
FNDA:3,(anonymous_1)
FNDA:3,(anonymous_2)
FNDA:2,(anonymous_3)
FNDA:2,(anonymous_4)
FNDA:2,(anonymous_5)
DA:15,6
DA:17,6
DA:22,3
DA:24,3
DA:34,2
DA:36,2
DA:45,2
LF:7
LH:7
BRF:0
BRH:0
end_of_record
TN:
SF:src/store/taskStore.ts
FN:19,(anonymous_0)
FN:30,(anonymous_1)
FN:31,(anonymous_2)
FN:32,(anonymous_3)
FN:37,(anonymous_4)
FNF:5
FNH:5
FNDA:4,(anonymous_0)
FNDA:3,(anonymous_1)
FNDA:3,(anonymous_2)
FNDA:21,(anonymous_3)
FNDA:2,(anonymous_4)
DA:19,4
DA:31,3
DA:33,21
DA:38,2
LF:4
LH:4
BRDA:33,0,0,3
BRDA:33,0,1,18
BRF:2
BRH:2
end_of_record
